<?xml version="1.0" encoding="UTF-8"?>
<!-- Generated by org.testng.reporters.JUnitXMLReporter -->
<testsuite ignored="0" hostname="DESKTOP-5M24EDH" failures="0" tests="3" name="Default test" time="65.874" errors="0" timestamp="2023-05-23T11:11:02 IST">
  <testcase classname="testScipts.PlaceOrderTest" name="login" time="10.626"/>
  <testcase classname="testScipts.PlaceOrderTest" name="viewCartTest" time="21.02"/>
  <testcase classname="testScipts.PlaceOrderTest" name="placeOrder" time="27.751"/>
</testsuite> <!-- Default test -->
