<?xml version="1.0" encoding="UTF-8"?>
<!-- Generated by org.testng.reporters.JUnitXMLReporter -->
<testsuite ignored="0" hostname="DESKTOP-5M24EDH" failures="1" tests="1" name="Test(failed)" time="8.473" errors="0" timestamp="2023-05-19T15:13:59 IST">
  <testcase classname="testScipts.AddItemTest" name="loginTest" time="2.022">
    <failure type="java.lang.NullPointerException" message="Cannot invoke &amp;quot;org.openqa.selenium.WebElement.click()&amp;quot; because &amp;quot;this.loginLink&amp;quot; is null">
      <![CDATA[java.lang.NullPointerException: Cannot invoke "org.openqa.selenium.WebElement.click()" because "this.loginLink" is null
at pages.AddItemPage.loginIcon(AddItemPage.java:39)
at testScipts.AddItemTest.loginTest(AddItemTest.java:26)
at java.base/java.util.ArrayList.forEach(ArrayList.java:1511)
... Removed 27 stack frames]]>
    </failure>
  </testcase> <!-- loginTest -->
</testsuite> <!-- Test(failed) -->
