<?xml version="1.0" encoding="UTF-8"?>
<testng-results ignored="0" total="3" passed="3" failed="0" skipped="0">
  <reporter-output>
  </reporter-output>
  <suite started-at="2023-05-23T11:09:56 IST" name="Default suite" finished-at="2023-05-23T11:11:02 IST" duration-ms="65874">
    <groups>
    </groups>
    <test started-at="2023-05-23T11:09:56 IST" name="Default test" finished-at="2023-05-23T11:11:02 IST" duration-ms="65874">
      <class name="testScipts.PlaceOrderTest">
        <test-method is-config="true" signature="setup()[pri:0, instance:testScipts.PlaceOrderTest@1e0b4072]" started-at="2023-05-23T11:09:56 IST" name="setup" finished-at="2023-05-23T11:10:03 IST" duration-ms="6145" status="PASS">
          <reporter-output>
          </reporter-output>
        </test-method> <!-- setup -->
        <test-method signature="login()[pri:0, instance:testScipts.PlaceOrderTest@1e0b4072]" started-at="2023-05-23T11:10:03 IST" name="login" finished-at="2023-05-23T11:10:13 IST" duration-ms="10626" status="PASS">
          <reporter-output>
          </reporter-output>
        </test-method> <!-- login -->
        <test-method signature="viewCartTest()[pri:1, instance:testScipts.PlaceOrderTest@1e0b4072]" started-at="2023-05-23T11:10:13 IST" name="viewCartTest" finished-at="2023-05-23T11:10:34 IST" duration-ms="21020" status="PASS">
          <reporter-output>
          </reporter-output>
        </test-method> <!-- viewCartTest -->
        <test-method signature="placeOrder()[pri:2, instance:testScipts.PlaceOrderTest@1e0b4072]" started-at="2023-05-23T11:10:34 IST" name="placeOrder" finished-at="2023-05-23T11:11:02 IST" duration-ms="27751" status="PASS">
          <reporter-output>
          </reporter-output>
        </test-method> <!-- placeOrder -->
        <test-method is-config="true" signature="tearDown()[pri:0, instance:testScipts.PlaceOrderTest@1e0b4072]" started-at="2023-05-23T11:11:02 IST" name="tearDown" finished-at="2023-05-23T11:11:02 IST" duration-ms="248" status="PASS">
          <reporter-output>
          </reporter-output>
        </test-method> <!-- tearDown -->
      </class> <!-- testScipts.PlaceOrderTest -->
    </test> <!-- Default test -->
  </suite> <!-- Default suite -->
</testng-results>
